<?xml version="1.0" encoding="UTF-8"?>
<!-- Generated by org.testng.reporters.JUnitXMLReporter -->
<testsuite ignored="3" hostname="VAIO" failures="0" tests="1" name="Default test" time="15.742" errors="0" timestamp="2022-06-23T13:37:12 IST">
  <testcase classname="Test.LoginPageTest" name="clickOnLoginWithoutDataTest" time="2.798"/>
  <testcase classname="Test.LoginPageTest" name="forgotPasswordLinkTest" time="0.0">
    <ignored/>
  </testcase> <!-- forgotPasswordLinkTest -->
  <testcase classname="Test.LoginPageTest" name="loginWithValidCredentialsTest" time="0.0">
    <ignored/>
  </testcase> <!-- loginWithValidCredentialsTest -->
  <testcase classname="Test.LoginPageTest" name="signUpLinkTest" time="0.0">
    <ignored/>
  </testcase> <!-- signUpLinkTest -->
</testsuite> <!-- Default test -->
