<?xml version="1.0" encoding="UTF-8"?>
<testng-results ignored="3" total="4" passed="1" failed="0" skipped="0">
  <reporter-output>
  </reporter-output>
  <suite started-at="2022-06-23T13:36:56 IST" name="Default suite" finished-at="2022-06-23T13:37:11 IST" duration-ms="15742">
    <groups>
    </groups>
    <test started-at="2022-06-23T13:36:56 IST" name="Default test" finished-at="2022-06-23T13:37:11 IST" duration-ms="15742">
      <class name="Test.LoginPageTest">
        <test-method is-config="true" signature="extentReports()[pri:0, instance:Test.LoginPageTest@771a660]" started-at="2022-06-23T13:36:56 IST" name="extentReports" finished-at="2022-06-23T13:36:57 IST" duration-ms="819" status="PASS">
          <reporter-output>
          </reporter-output>
        </test-method> <!-- extentReports -->
        <test-method is-config="true" signature="browser()[pri:0, instance:Test.LoginPageTest@771a660]" started-at="2022-06-23T13:36:57 IST" name="browser" finished-at="2022-06-23T13:37:07 IST" duration-ms="10811" status="PASS">
          <reporter-output>
          </reporter-output>
        </test-method> <!-- browser -->
        <test-method signature="clickOnLoginWithoutDataTest()[pri:0, instance:Test.LoginPageTest@771a660]" started-at="2022-06-23T13:37:07 IST" name="clickOnLoginWithoutDataTest" finished-at="2022-06-23T13:37:10 IST" duration-ms="2798" status="PASS">
          <reporter-output>
          </reporter-output>
        </test-method> <!-- clickOnLoginWithoutDataTest -->
        <test-method is-config="true" signature="closeBrowser(org.testng.ITestResult)[pri:0, instance:Test.LoginPageTest@771a660]" started-at="2022-06-23T13:37:10 IST" name="closeBrowser" finished-at="2022-06-23T13:37:10 IST" duration-ms="29" status="PASS">
          <params>
            <param index="0">
              <value>
                <![CDATA[[TestResult name=clickOnLoginWithoutDataTest status=SUCCESS method=LoginPageTest.clickOnLoginWithoutDataTest()[pri:0, instance:Test.LoginPageTest@771a660] output={null}]]]>
              </value>
            </param>
          </params>
          <reporter-output>
          </reporter-output>
        </test-method> <!-- closeBrowser -->
        <test-method is-config="true" signature="flushResult()[pri:0, instance:Test.LoginPageTest@771a660]" started-at="2022-06-23T13:37:10 IST" name="flushResult" finished-at="2022-06-23T13:37:11 IST" duration-ms="1177" status="PASS">
          <reporter-output>
          </reporter-output>
        </test-method> <!-- flushResult -->
      </class> <!-- Test.LoginPageTest -->
    </test> <!-- Default test -->
  </suite> <!-- Default suite -->
</testng-results>
