<?xml version="1.0" encoding="UTF-8"?>
<!-- Generated by org.testng.reporters.JUnitXMLReporter -->
<testsuite ignored="0" hostname="VAIO" failures="2" tests="5" name="Test" time="55.243" errors="0" timestamp="2022-06-13T19:39:37 IST">
  <testcase classname="Test.PinPageTest" name="loginToZerodhaWithPinTest" time="2.896">
    <failure type="java.lang.IllegalStateException" message="Cannot get a STRING value from a NUMERIC cell">
      <![CDATA[java.lang.IllegalStateException: Cannot get a STRING value from a NUMERIC cell
at org.apache.poi.xssf.usermodel.XSSFCell.typeMismatch(XSSFCell.java:946)
at org.apache.poi.xssf.usermodel.XSSFCell.getRichStringCellValue(XSSFCell.java:336)
at org.apache.poi.xssf.usermodel.XSSFCell.getStringCellValue(XSSFCell.java:280)
at Utility.Parametrization.getData(Parametrization.java:16)
at Test.PinPageTest.loginToZerodhaWithPinTest(PinPageTest.java:40)
at java.base/java.util.ArrayList.forEach(ArrayList.java:1511)
... Removed 27 stack frames]]>
    </failure>
  </testcase> <!-- loginToZerodhaWithPinTest -->
  <testcase classname="Test.LoginPageTest" name="clickOnLoginWithoutDataTest" time="0.193">
    <failure type="java.lang.AssertionError" message="expected [User ID should be minimum 6] but found [null]">
      <![CDATA[java.lang.AssertionError: expected [User ID should be minimum 6] but found [null]
at Test.LoginPageTest.clickOnLoginWithoutDataTest(LoginPageTest.java:65)
at java.base/java.util.ArrayList.forEach(ArrayList.java:1511)
... Removed 33 stack frames]]>
    </failure>
  </testcase> <!-- clickOnLoginWithoutDataTest -->
  <testcase classname="Test.LoginPageTest" name="forgotPasswordLinkTest" time="0.299"/>
  <testcase classname="Test.LoginPageTest" name="loginWithValidCredentialsTest" time="0.796"/>
  <testcase classname="Test.LoginPageTest" name="signUpLinkTest" time="0.214"/>
</testsuite> <!-- Test -->
